0 info it worked if it ends with ok
1 verbose cli [ 'C:\\Program Files\\nodejs\\node.exe',
1 verbose cli   'C:\\Program Files\\nodejs\\node_modules\\npm\\bin\\npm-cli.js',
1 verbose cli   'run',
1 verbose cli   'dev-server' ]
2 info using npm@3.10.10
3 info using node@v6.11.3
4 verbose run-script [ 'predev-server', 'dev-server', 'postdev-server' ]
5 info lifecycle Mirror@1.0.0~predev-server: Mirror@1.0.0
6 silly lifecycle Mirror@1.0.0~predev-server: no script for predev-server, continuing
7 info lifecycle Mirror@1.0.0~dev-server: Mirror@1.0.0
8 verbose lifecycle Mirror@1.0.0~dev-server: unsafe-perm in lifecycle true
9 verbose lifecycle Mirror@1.0.0~dev-server: PATH: C:\Program Files\nodejs\node_modules\npm\bin\node-gyp-bin;J:\6,fontweb\98Mirror\Mirror\node_modules\.bin;C:\ProgramData\Oracle\Java\javapath;C:\Program Files (x86)\NVIDIA Corporation\PhysX\Common;C:\Program Files (x86)\Intel\iCLS Client\;C:\Program Files\Intel\iCLS Client\;%SystemRoot%\system32;%SystemRoot%;%SystemRoot%\System32\Wbem;%SYSTEMROOT%\System32\WindowsPowerShell\v1.0\;C:\Program Files\Intel\Intel(R) Management Engine Components\DAL;C:\Program Files\Intel\Intel(R) Management Engine Components\IPT;C:\Program Files (x86)\Intel\Intel(R) Management Engine Components\DAL;C:\Program Files (x86)\Intel\Intel(R) Management Engine Components\IPT;%JAVA_HOME%\bin;%JAVA_HOME%\jre\bin;C:\Program Files\Git\cmd;C:\Program Files\nodejs\;C:\Program Files (x86)\Intel\OpenCL SDK\1.5\bin\x86;C:\Program Files (x86)\Intel\OpenCL SDK\1.5\bin\x64;C:\Android;C:\Windows\System32;C:\Users\fqz\AppData\Roaming\npm;.;;.;
10 verbose lifecycle Mirror@1.0.0~dev-server: CWD: J:\6,fontweb\98Mirror\Mirror
11 silly lifecycle Mirror@1.0.0~dev-server: Args: [ '/d /s /c', 'node ./server/BackServer.js' ]
12 silly lifecycle Mirror@1.0.0~dev-server: Returned: code: 3221225786  signal: null
13 info lifecycle Mirror@1.0.0~dev-server: Failed to exec dev-server script
14 verbose stack Error: Mirror@1.0.0 dev-server: `node ./server/BackServer.js`
14 verbose stack Exit status 3221225786
14 verbose stack     at EventEmitter.<anonymous> (C:\Program Files\nodejs\node_modules\npm\lib\utils\lifecycle.js:255:16)
14 verbose stack     at emitTwo (events.js:106:13)
14 verbose stack     at EventEmitter.emit (events.js:191:7)
14 verbose stack     at ChildProcess.<anonymous> (C:\Program Files\nodejs\node_modules\npm\lib\utils\spawn.js:40:14)
14 verbose stack     at emitTwo (events.js:106:13)
14 verbose stack     at ChildProcess.emit (events.js:191:7)
14 verbose stack     at maybeClose (internal/child_process.js:920:16)
14 verbose stack     at Process.ChildProcess._handle.onexit (internal/child_process.js:230:5)
15 verbose pkgid Mirror@1.0.0
16 verbose cwd J:\6,fontweb\98Mirror\Mirror
17 error Windows_NT 6.1.7601
18 error argv "C:\\Program Files\\nodejs\\node.exe" "C:\\Program Files\\nodejs\\node_modules\\npm\\bin\\npm-cli.js" "run" "dev-server"
19 error node v6.11.3
20 error npm  v3.10.10
21 error code ELIFECYCLE
22 error Mirror@1.0.0 dev-server: `node ./server/BackServer.js`
22 error Exit status 3221225786
23 error Failed at the Mirror@1.0.0 dev-server script 'node ./server/BackServer.js'.
23 error Make sure you have the latest version of node.js and npm installed.
23 error If you do, this is most likely a problem with the Mirror package,
23 error not with npm itself.
23 error Tell the author that this fails on your system:
23 error     node ./server/BackServer.js
23 error You can get information on how to open an issue for this project with:
23 error     npm bugs Mirror
23 error Or if that isn't available, you can get their info via:
23 error     npm owner ls Mirror
23 error There is likely additional logging output above.
24 verbose exit [ 1, true ]
